<?xml version="1.0" encoding="UTF-8"?>
<robot generator="Robot 3.1.2 (Python 3.8.2 on win32)" generated="20200310 14:37:25.277" rpa="false">
<suite id="s1" name="TestSuite1" source="C:\Users\BreslinS\eclipse-workspace\RobotProject1\Test\TestSuite1.robot">
<kw name="Log" library="BuiltIn" type="setup">
<doc>Logs the given message with the given level.</doc>
<arguments>
<arg>This is inside Test Suite Setup</arg>
</arguments>
<msg timestamp="20200310 14:37:25.495" level="INFO">This is inside Test Suite Setup</msg>
<status status="PASS" starttime="20200310 14:37:25.495" endtime="20200310 14:37:25.495"></status>
</kw>
<test id="s1-t1" name="MyFirstTest">
<kw name="Log" library="BuiltIn" type="setup">
<doc>Logs the given message with the given level.</doc>
<arguments>
<arg>This is inside Test Setup</arg>
</arguments>
<msg timestamp="20200310 14:37:25.496" level="INFO">This is inside Test Setup</msg>
<status status="PASS" starttime="20200310 14:37:25.496" endtime="20200310 14:37:25.496"></status>
</kw>
<kw name="Log" library="BuiltIn">
<doc>Logs the given message with the given level.</doc>
<arguments>
<arg>Hello World...</arg>
</arguments>
<msg timestamp="20200310 14:37:25.497" level="INFO">Hello World...</msg>
<status status="PASS" starttime="20200310 14:37:25.497" endtime="20200310 14:37:25.497"></status>
</kw>
<kw name="Log" library="BuiltIn" type="teardown">
<doc>Logs the given message with the given level.</doc>
<arguments>
<arg>This is inside Test Teardown</arg>
</arguments>
<msg timestamp="20200310 14:37:25.498" level="INFO">This is inside Test Teardown</msg>
<status status="PASS" starttime="20200310 14:37:25.498" endtime="20200310 14:37:25.498"></status>
</kw>
<tags>
<tag>regression1</tag>
<tag>smoke</tag>
</tags>
<status status="PASS" starttime="20200310 14:37:25.496" endtime="20200310 14:37:25.498" critical="yes"></status>
</test>
<kw name="Log" library="BuiltIn" type="teardown">
<doc>Logs the given message with the given level.</doc>
<arguments>
<arg>This is inside Test Suite Teardown</arg>
</arguments>
<msg timestamp="20200310 14:37:25.500" level="INFO">This is inside Test Suite Teardown</msg>
<status status="PASS" starttime="20200310 14:37:25.500" endtime="20200310 14:37:25.500"></status>
</kw>
<status status="PASS" starttime="20200310 14:37:25.279" endtime="20200310 14:37:25.500"></status>
</suite>
<statistics>
<total>
<stat pass="1" fail="0">Critical Tests</stat>
<stat pass="1" fail="0">All Tests</stat>
</total>
<tag>
<stat pass="1" fail="0">regression1</stat>
<stat pass="1" fail="0">smoke</stat>
</tag>
<suite>
<stat pass="1" fail="0" id="s1" name="TestSuite1">TestSuite1</stat>
</suite>
</statistics>
<errors>
</errors>
</robot>
